d:\rackafx\rackafx_projects\modlpf\vc141.pdb
d:\rackafx\rackafx_projects\modlpf\vc141.idb
d:\rackafx\rackafx_projects\modlpf\plugin.obj
d:\rackafx\rackafx_projects\modlpf\pluginobjects.obj
d:\rackafx\rackafx_projects\modlpf\rackafxdll.obj
d:\rackafx\rackafx_projects\modlpf\modlpf.obj
d:\rackafx\rackafx_projects\modlpf\massberglpf.obj
d:\rackafx\rackafx_projects\modlpf\wtoscillator.obj
d:\rackafx\rackafx_projects\modlpf\modlpf.pdb
c:\users\egmes\appdata\roaming\rackafx\plugins\modlpf.lib
c:\users\egmes\appdata\roaming\rackafx\plugins\modlpf.exp
d:\rackafx\rackafx_projects\modlpf\modlpf.res
d:\rackafx\rackafx_projects\modlpf\modlpf.tlog\cl.command.1.tlog
d:\rackafx\rackafx_projects\modlpf\modlpf.tlog\cl.read.1.tlog
d:\rackafx\rackafx_projects\modlpf\modlpf.tlog\cl.write.1.tlog
d:\rackafx\rackafx_projects\modlpf\modlpf.tlog\link.command.1.tlog
d:\rackafx\rackafx_projects\modlpf\modlpf.tlog\link.read.1.tlog
d:\rackafx\rackafx_projects\modlpf\modlpf.tlog\link.write.1.tlog
d:\rackafx\rackafx_projects\modlpf\modlpf.tlog\modlpf.write.1u.tlog
d:\rackafx\rackafx_projects\modlpf\modlpf.tlog\rc.command.1.tlog
d:\rackafx\rackafx_projects\modlpf\modlpf.tlog\rc.read.1.tlog
d:\rackafx\rackafx_projects\modlpf\modlpf.tlog\rc.write.1.tlog
