d:\rackafx\rackafx_projects\moddelaymodule\vc141.pdb
d:\rackafx\rackafx_projects\moddelaymodule\vc141.idb
d:\rackafx\rackafx_projects\moddelaymodule\plugin.obj
d:\rackafx\rackafx_projects\moddelaymodule\pluginobjects.obj
d:\rackafx\rackafx_projects\moddelaymodule\rackafxdll.obj
d:\rackafx\rackafx_projects\moddelaymodule\moddelaymodule.obj
d:\rackafx\rackafx_projects\moddelaymodule\ddlmodule.obj
d:\rackafx\rackafx_projects\moddelaymodule\wtoscillator.obj
d:\rackafx\rackafx_projects\moddelaymodule\moddelaymodule.pdb
c:\users\egmes\appdata\roaming\rackafx\plugins\moddelaymodule.lib
c:\users\egmes\appdata\roaming\rackafx\plugins\moddelaymodule.exp
d:\rackafx\rackafx_projects\moddelaymodule\moddelaymodule.res
c:\users\egmes\appdata\roaming\rackafx\plugins\moddelaymodule.pdb
c:\users\egmes\appdata\roaming\rackafx\plugins\moddelaymodule.dll
c:\users\egmes\appdata\roaming\rackafx\plugins\moddelaymodule.ilk
d:\rackafx\rackafx_projects\moddelaymodule\moddelaymodule.tlog\cl.command.1.tlog
d:\rackafx\rackafx_projects\moddelaymodule\moddelaymodule.tlog\cl.read.1.tlog
d:\rackafx\rackafx_projects\moddelaymodule\moddelaymodule.tlog\cl.write.1.tlog
d:\rackafx\rackafx_projects\moddelaymodule\moddelaymodule.tlog\link.command.1.tlog
d:\rackafx\rackafx_projects\moddelaymodule\moddelaymodule.tlog\link.read.1.tlog
d:\rackafx\rackafx_projects\moddelaymodule\moddelaymodule.tlog\link.write.1.tlog
d:\rackafx\rackafx_projects\moddelaymodule\moddelaymodule.tlog\moddelaymodule.write.1u.tlog
d:\rackafx\rackafx_projects\moddelaymodule\moddelaymodule.tlog\rc.command.1.tlog
d:\rackafx\rackafx_projects\moddelaymodule\moddelaymodule.tlog\rc.read.1.tlog
d:\rackafx\rackafx_projects\moddelaymodule\moddelaymodule.tlog\rc.write.1.tlog
