d:\rackafx\rackafx_projects\stereoquadflanger\vc141.pdb
d:\rackafx\rackafx_projects\stereoquadflanger\vc141.idb
d:\rackafx\rackafx_projects\stereoquadflanger\plugin.obj
d:\rackafx\rackafx_projects\stereoquadflanger\pluginobjects.obj
d:\rackafx\rackafx_projects\stereoquadflanger\rackafxdll.obj
d:\rackafx\rackafx_projects\stereoquadflanger\stereoquadflanger.obj
d:\rackafx\rackafx_projects\stereoquadflanger\ddlmodule.obj
d:\rackafx\rackafx_projects\stereoquadflanger\wtoscillator.obj
d:\rackafx\rackafx_projects\stereoquadflanger\moddelaymodule.obj
d:\rackafx\rackafx_projects\stereoquadflanger\stereoquadflanger.pdb
d:\rackafx\rackafx_projects\stereoquadflanger\stereoquadflanger.res
c:\users\egmes\appdata\roaming\rackafx\plugins\stereoquadflanger.lib
c:\users\egmes\appdata\roaming\rackafx\plugins\stereoquadflanger.exp
c:\users\egmes\appdata\roaming\rackafx\plugins\stereoquadflanger.pdb
c:\users\egmes\appdata\roaming\rackafx\plugins\stereoquadflanger.dll
c:\users\egmes\appdata\roaming\rackafx\plugins\stereoquadflanger.ilk
d:\rackafx\rackafx_projects\stereoquadflanger\stereoqu.ed3e6a75.tlog\cl.command.1.tlog
d:\rackafx\rackafx_projects\stereoquadflanger\stereoqu.ed3e6a75.tlog\cl.read.1.tlog
d:\rackafx\rackafx_projects\stereoquadflanger\stereoqu.ed3e6a75.tlog\cl.write.1.tlog
d:\rackafx\rackafx_projects\stereoquadflanger\stereoqu.ed3e6a75.tlog\link.command.1.tlog
d:\rackafx\rackafx_projects\stereoquadflanger\stereoqu.ed3e6a75.tlog\link.read.1.tlog
d:\rackafx\rackafx_projects\stereoquadflanger\stereoqu.ed3e6a75.tlog\link.write.1.tlog
d:\rackafx\rackafx_projects\stereoquadflanger\stereoqu.ed3e6a75.tlog\rc.command.1.tlog
d:\rackafx\rackafx_projects\stereoquadflanger\stereoqu.ed3e6a75.tlog\rc.read.1.tlog
d:\rackafx\rackafx_projects\stereoquadflanger\stereoqu.ed3e6a75.tlog\rc.write.1.tlog
d:\rackafx\rackafx_projects\stereoquadflanger\stereoqu.ed3e6a75.tlog\stereoquadflanger.write.1u.tlog
