d:\rackafx\rackafx_projects\dualdelay\vc141.pdb
d:\rackafx\rackafx_projects\dualdelay\vc141.idb
d:\rackafx\rackafx_projects\dualdelay\ddlmodule.obj
d:\rackafx\rackafx_projects\dualdelay\dualdelay.obj
d:\rackafx\rackafx_projects\dualdelay\massberglpf.obj
d:\rackafx\rackafx_projects\dualdelay\plugin.obj
d:\rackafx\rackafx_projects\dualdelay\pluginobjects.obj
d:\rackafx\rackafx_projects\dualdelay\rackafxdll.obj
d:\rackafx\rackafx_projects\dualdelay\resonanthpf.obj
d:\rackafx\rackafx_projects\dualdelay\resonantlpf.obj
d:\rackafx\rackafx_projects\dualdelay\stereodelay.obj
c:\users\egmes\appdata\roaming\rackafx\plugins\dualdelay.lib
c:\users\egmes\appdata\roaming\rackafx\plugins\dualdelay.exp
d:\rackafx\rackafx_projects\dualdelay\dualdelay.pdb
d:\rackafx\rackafx_projects\dualdelay\dualdelay.res
c:\users\egmes\appdata\roaming\rackafx\plugins\dualdelay.pdb
c:\users\egmes\appdata\roaming\rackafx\plugins\dualdelay.dll
c:\users\egmes\appdata\roaming\rackafx\plugins\dualdelay.ilk
d:\rackafx\rackafx_projects\dualdelay\dualdelay.tlog\cl.command.1.tlog
d:\rackafx\rackafx_projects\dualdelay\dualdelay.tlog\cl.read.1.tlog
d:\rackafx\rackafx_projects\dualdelay\dualdelay.tlog\cl.write.1.tlog
d:\rackafx\rackafx_projects\dualdelay\dualdelay.tlog\dualdelay.write.1u.tlog
d:\rackafx\rackafx_projects\dualdelay\dualdelay.tlog\link.command.1.tlog
d:\rackafx\rackafx_projects\dualdelay\dualdelay.tlog\link.read.1.tlog
d:\rackafx\rackafx_projects\dualdelay\dualdelay.tlog\link.write.1.tlog
d:\rackafx\rackafx_projects\dualdelay\dualdelay.tlog\rc.command.1.tlog
d:\rackafx\rackafx_projects\dualdelay\dualdelay.tlog\rc.read.1.tlog
d:\rackafx\rackafx_projects\dualdelay\dualdelay.tlog\rc.write.1.tlog
